<?xml version="1.0" encoding="UTF-8"?>
<testng-results ignored="0" total="1" passed="1" failed="0" skipped="0">
  <reporter-output>
  </reporter-output>
  <suite started-at="2023-01-28T13:46:59 IST" name="Default suite" finished-at="2023-01-28T13:47:22 IST" duration-ms="23548">
    <groups>
    </groups>
    <test started-at="2023-01-28T13:46:59 IST" name="Default test" finished-at="2023-01-28T13:47:22 IST" duration-ms="23548">
      <class name="testPackage.ActiTimeCreateUser">
        <test-method is-config="true" signature="setUp()[pri:0, instance:testPackage.ActiTimeCreateUser@72cde7cc]" started-at="2023-01-28T13:46:59 IST" name="setUp" finished-at="2023-01-28T13:47:05 IST" duration-ms="6587" status="PASS">
          <reporter-output>
          </reporter-output>
        </test-method> <!-- setUp -->
        <test-method signature="CreateUser()[pri:0, instance:testPackage.ActiTimeCreateUser@72cde7cc]" started-at="2023-01-28T13:47:05 IST" name="CreateUser" finished-at="2023-01-28T13:47:22 IST" duration-ms="16430" status="PASS">
          <reporter-output>
          </reporter-output>
        </test-method> <!-- CreateUser -->
        <test-method is-config="true" signature="tearDown()[pri:0, instance:testPackage.ActiTimeCreateUser@72cde7cc]" started-at="2023-01-28T13:47:22 IST" name="tearDown" finished-at="2023-01-28T13:47:22 IST" duration-ms="452" status="PASS">
          <reporter-output>
          </reporter-output>
        </test-method> <!-- tearDown -->
      </class> <!-- testPackage.ActiTimeCreateUser -->
    </test> <!-- Default test -->
  </suite> <!-- Default suite -->
</testng-results>
